# JRE version: Java(TM) SE Runtime Environment (8.0_162-b12) (build 1.8.0_162-b12)
# Java VM: Java HotSpot(TM) 64-Bit Server VM (25.162-b12 mixed mode bsd-amd64 compressed oops)
Heap:
 PSYoungGen      total 71680K, used 58144K [0x0000000795580000, 0x000000079e180000, 0x00000007c0000000)
  eden space 66560K, 87% used [0x0000000795580000,0x0000000798e48068,0x0000000799680000)
  from space 5120K, 0% used [0x0000000799680000,0x0000000799680000,0x0000000799b80000)
  to   space 5120K, 0% used [0x000000079dc80000,0x000000079dc80000,0x000000079e180000)
 ParOldGen       total 54272K, used 5510K [0x0000000740000000, 0x0000000743500000, 0x0000000795580000)
  object space 54272K, 10% used [0x0000000740000000,0x0000000740561890,0x0000000743500000)
 Metaspace       used 29620K, capacity 30180K, committed 30464K, reserved 1075200K
  class space    used 3876K, capacity 4041K, committed 4096K, reserved 1048576K
GC Heap History (8 events):
Event: 0.780 GC heap before
{Heap before GC invocations=1 (full 0):
 PSYoungGen      total 38400K, used 33280K [0x0000000795580000, 0x0000000798000000, 0x00000007c0000000)
  eden space 33280K, 100% used [0x0000000795580000,0x0000000797600000,0x0000000797600000)
  from space 5120K, 0% used [0x0000000797b00000,0x0000000797b00000,0x0000000798000000)
  to   space 5120K, 0% used [0x0000000797600000,0x0000000797600000,0x0000000797b00000)
 ParOldGen       total 87552K, used 0K [0x0000000740000000, 0x0000000745580000, 0x0000000795580000)
  object space 87552K, 0% used [0x0000000740000000,0x0000000740000000,0x0000000745580000)
 Metaspace       used 14483K, capacity 14778K, committed 14976K, reserved 1062912K
  class space    used 1795K, capacity 1904K, committed 1920K, reserved 1048576K
Event: 0.788 GC heap after
Heap after GC invocations=1 (full 0):
 PSYoungGen      total 38400K, used 5104K [0x0000000795580000, 0x000000079a080000, 0x00000007c0000000)
  eden space 33280K, 0% used [0x0000000795580000,0x0000000795580000,0x0000000797600000)
  from space 5120K, 99% used [0x0000000797600000,0x0000000797afc250,0x0000000797b00000)
  to   space 5120K, 0% used [0x0000000799b80000,0x0000000799b80000,0x000000079a080000)
 ParOldGen       total 87552K, used 3433K [0x0000000740000000, 0x0000000745580000, 0x0000000795580000)
  object space 87552K, 3% used [0x0000000740000000,0x000000074035a418,0x0000000745580000)
 Metaspace       used 14483K, capacity 14778K, committed 14976K, reserved 1062912K
  class space    used 1795K, capacity 1904K, committed 1920K, reserved 1048576K
}
Event: 1.307 GC heap before
{Heap before GC invocations=2 (full 0):
 PSYoungGen      total 38400K, used 38384K [0x0000000795580000, 0x000000079a080000, 0x00000007c0000000)
  eden space 33280K, 100% used [0x0000000795580000,0x0000000797600000,0x0000000797600000)
  from space 5120K, 99% used [0x0000000797600000,0x0000000797afc250,0x0000000797b00000)
  to   space 5120K, 0% used [0x0000000799b80000,0x0000000799b80000,0x000000079a080000)
 ParOldGen       total 87552K, used 3433K [0x0000000740000000, 0x0000000745580000, 0x0000000795580000)
  object space 87552K, 3% used [0x0000000740000000,0x000000074035a418,0x0000000745580000)
 Metaspace       used 20135K, capacity 20520K, committed 20608K, reserved 1067008K
  class space    used 2562K, capacity 2667K, committed 2688K, reserved 1048576K
Event: 1.316 GC heap after
Heap after GC invocations=2 (full 0):
 PSYoungGen      total 71680K, used 5118K [0x0000000795580000, 0x000000079a080000, 0x00000007c0000000)
  eden space 66560K, 0% used [0x0000000795580000,0x0000000795580000,0x0000000799680000)
  from space 5120K, 99% used [0x0000000799b80000,0x000000079a07f9c8,0x000000079a080000)
  to   space 5120K, 0% used [0x0000000799680000,0x0000000799680000,0x0000000799b80000)
 ParOldGen       total 87552K, used 7547K [0x0000000740000000, 0x0000000745580000, 0x0000000795580000)
  object space 87552K, 8% used [0x0000000740000000,0x000000074075ef68,0x0000000745580000)
 Metaspace       used 20135K, capacity 20520K, committed 20608K, reserved 1067008K
  class space    used 2562K, capacity 2667K, committed 2688K, reserved 1048576K
}
Event: 1.377 GC heap before
{Heap before GC invocations=3 (full 0):
 PSYoungGen      total 71680K, used 8508K [0x0000000795580000, 0x000000079a080000, 0x00000007c0000000)
  eden space 66560K, 5% used [0x0000000795580000,0x00000007958cf948,0x0000000799680000)
  from space 5120K, 99% used [0x0000000799b80000,0x000000079a07f9c8,0x000000079a080000)
  to   space 5120K, 0% used [0x0000000799680000,0x0000000799680000,0x0000000799b80000)
 ParOldGen       total 87552K, used 7547K [0x0000000740000000, 0x0000000745580000, 0x0000000795580000)
  object space 87552K, 8% used [0x0000000740000000,0x000000074075ef68,0x0000000745580000)
 Metaspace       used 20747K, capacity 21110K, committed 21248K, reserved 1067008K
  class space    used 2642K, capacity 2736K, committed 2816K, reserved 1048576K
Event: 1.385 GC heap after
Heap after GC invocations=3 (full 0):
 PSYoungGen      total 71680K, used 5095K [0x0000000795580000, 0x000000079e180000, 0x00000007c0000000)
  eden space 66560K, 0% used [0x0000000795580000,0x0000000795580000,0x0000000799680000)
  from space 5120K, 99% used [0x0000000799680000,0x0000000799b79db0,0x0000000799b80000)
  to   space 5120K, 0% used [0x000000079dc80000,0x000000079dc80000,0x000000079e180000)
 ParOldGen       total 87552K, used 8030K [0x0000000740000000, 0x0000000745580000, 0x0000000795580000)
  object space 87552K, 9% used [0x0000000740000000,0x00000007407d78c8,0x0000000745580000)
 Metaspace       used 20747K, capacity 21110K, committed 21248K, reserved 1067008K
  class space    used 2642K, capacity 2736K, committed 2816K, reserved 1048576K
}
Event: 1.385 GC heap before
{Heap before GC invocations=4 (full 1):
 PSYoungGen      total 71680K, used 5095K [0x0000000795580000, 0x000000079e180000, 0x00000007c0000000)
  eden space 66560K, 0% used [0x0000000795580000,0x0000000795580000,0x0000000799680000)
  from space 5120K, 99% used [0x0000000799680000,0x0000000799b79db0,0x0000000799b80000)
  to   space 5120K, 0% used [0x000000079dc80000,0x000000079dc80000,0x000000079e180000)
 ParOldGen       total 87552K, used 8030K [0x0000000740000000, 0x0000000745580000, 0x0000000795580000)
  object space 87552K, 9% used [0x0000000740000000,0x00000007407d78c8,0x0000000745580000)
 Metaspace       used 20747K, capacity 21110K, committed 21248K, reserved 1067008K
  class space    used 2642K, capacity 2736K, committed 2816K, reserved 1048576K
Event: 1.414 GC heap after
Heap after GC invocations=4 (full 1):
 PSYoungGen      total 71680K, used 0K [0x0000000795580000, 0x000000079e180000, 0x00000007c0000000)
  eden space 66560K, 0% used [0x0000000795580000,0x0000000795580000,0x0000000799680000)
  from space 5120K, 0% used [0x0000000799680000,0x0000000799680000,0x0000000799b80000)
  to   space 5120K, 0% used [0x000000079dc80000,0x000000079dc80000,0x000000079e180000)
 ParOldGen       total 54272K, used 5510K [0x0000000740000000, 0x0000000743500000, 0x0000000795580000)
  object space 54272K, 10% used [0x0000000740000000,0x0000000740561890,0x0000000743500000)
 Metaspace       used 20747K, capacity 21110K, committed 21248K, reserved 1067008K
  class space    used 2642K, capacity 2736K, committed 2816K, reserved 1048576K
}

